11:31:44:747 2019.11.09 KMS GUI ELDI 33.3.0.0
Time Start: 2019/11/9 11:31:44

11:31:44:749 Checking Internet Connection...
11:31:44:920 Internet Connection Detected
11:31:44:923 Synchronizing Time...
11:31:45:249 Windows Detected: Windows 7 Ultimate : Ultimate : 6.1 : 7601.24520
11:31:45:287 Opening Firewall Port...
11:31:45:348 Opening Firewall App...
11:31:45:434 KMSEmulator Port: 1688
11:31:45:443 Testing Emulator...
11:31:45:447 KMSEmulator running port: 1688
11:31:45:450 Checking Port...
11:31:45:637 Office 2010 Skipped
11:31:45:639 Office 2013 Found: F:\Program Files\Microsoft Office\Office15\
11:31:45:650 Loading OEM-DM...
11:31:45:657 Port is Open
11:31:45:662 Connection accepted from [::ffff:127.0.0.1]:4831
11:31:45:677 Connection accepted from [::ffff:127.0.0.1]:4832
11:31:45:700 Test: Sending request: v6, AppID: 55c92734-d682-4d71-983e-d6ec3f16059f, Machine: m0NxdsRb53zche
11:31:45:723 Received request: v6, AppID: 55c92734-d682-4d71-983e-d6ec3f16059f, Machine: m0NxdsRb53zche
11:31:45:754 Sending response: v6, PID: 05426-00142-381-091822-03-2052-9200.0000-2392017, HwID: 58D92EF2BF7FC4BE
11:31:45:790 Connection closed
11:31:45:790 Test: Received response: v6, PID: 05426-00142-381-091822-03-2052-9200.0000-2392017, HwID: 58D92EF2BF7FC4BE
11:31:45:817 None valid OEM-DM Key Found
11:31:45:890 Found Windows Products: 1
11:31:45:891 Name: Windows(R) 7, Ultimate edition
Description: Windows Operating System - Windows(R) 7, OEM_SLP channel
GracePeriodRemaining: 0
LicenseStatus: 1
PartialProductKey: HYRR2

11:31:45:892 Version Windows Skipped
11:31:45:918 Found Office 2013 Products: 1
11:31:45:919 Name: Office 15, OfficeVisioProVL_KMS_Client edition
Description: Office 15, VOLUME_KMSCLIENT channel
GracePeriodRemaining: 259200
LicenseStatus: 1
PartialProductKey: RM3B3

11:31:45:966 DisableKeyManagementServiceHostCaching 0
11:31:45:968 Set Registry : OfficeSoftwareProtectionPlatform\0ff1ce15-a989-479d-af46-f275c6370663\4a5d124a-e620-44ba-b6ff-658961b33b9a:KeyManagementServiceName
11:31:45:969 Set Registry : OfficeSoftwareProtectionPlatform\0ff1ce15-a989-479d-af46-f275c6370663\4a5d124a-e620-44ba-b6ff-658961b33b9a:KeyManagementServicePort
11:31:45:969 Set Registry : OfficeSoftwareProtectionPlatform\0ff1ce15-a989-479d-af46-f275c6370663\b322da9c-a2e2-4058-9e4e-f59a6970bd69:KeyManagementServiceName
11:31:45:970 Set Registry : OfficeSoftwareProtectionPlatform\0ff1ce15-a989-479d-af46-f275c6370663\b322da9c-a2e2-4058-9e4e-f59a6970bd69:KeyManagementServicePort
11:31:45:970 Set Registry : OfficeSoftwareProtectionPlatform\0ff1ce15-a989-479d-af46-f275c6370663\e13ac10e-75d0-4aff-a0cd-764982cf541c:KeyManagementServiceName
11:31:45:971 Set Registry : OfficeSoftwareProtectionPlatform\0ff1ce15-a989-479d-af46-f275c6370663\e13ac10e-75d0-4aff-a0cd-764982cf541c:KeyManagementServicePort
11:31:46:813 Time synchronized
11:31:49:681 Activating Office 2013
11:31:49:833 Office 15, OfficeVisioProVL_KMS_Client edition was already Activated
11:31:49:883 Set Registry : OfficeSoftwareProtectionPlatform:KeyManagementServiceName
11:31:49:885 Set Registry : OfficeSoftwareProtectionPlatform:KeyManagementServicePort
11:31:49:885 Set Registry : OfficeSoftwareProtectionPlatform\0ff1ce15-a989-479d-af46-f275c6370663\4a5d124a-e620-44ba-b6ff-658961b33b9a:KeyManagementServiceName
11:31:49:886 Set Registry : OfficeSoftwareProtectionPlatform\0ff1ce15-a989-479d-af46-f275c6370663\4a5d124a-e620-44ba-b6ff-658961b33b9a:KeyManagementServicePort
11:31:49:887 Set Registry : OfficeSoftwareProtectionPlatform\0ff1ce15-a989-479d-af46-f275c6370663\b322da9c-a2e2-4058-9e4e-f59a6970bd69:KeyManagementServiceName
11:31:49:887 Set Registry : OfficeSoftwareProtectionPlatform\0ff1ce15-a989-479d-af46-f275c6370663\b322da9c-a2e2-4058-9e4e-f59a6970bd69:KeyManagementServicePort
11:31:49:888 Set Registry : OfficeSoftwareProtectionPlatform\0ff1ce15-a989-479d-af46-f275c6370663\e13ac10e-75d0-4aff-a0cd-764982cf541c:KeyManagementServiceName
11:31:49:888 Set Registry : OfficeSoftwareProtectionPlatform\0ff1ce15-a989-479d-af46-f275c6370663\e13ac10e-75d0-4aff-a0cd-764982cf541c:KeyManagementServicePort
11:31:49:894 ClearKeyManagementServiceMachine 0
11:31:49:899 ClearKeyManagementServicePort 0
11:31:49:900 Closing Firewall Port...
11:31:49:954 Closing Firewall App...
11:31:49:972 Set Registry : HKEY_CURRENT_USER\Control Panel\Desktop:PaintDesktopVersion
11:31:51:431 Time Finish: 2019/11/9 11:31:51
11:31:51:432 Total Time: 6 seconds
